<?xml version="1.0" encoding="UTF-8"?>
<!-- Generated by org.testng.reporters.JUnitReportReporter -->
<testsuite skipped="0" hostname="DESKTOP-PC39RK5" name="script.ClicksTest" tests="1" failures="0" timestamp="22 Mar 2018 17:27:59 GMT" time="32.466" errors="0">
  <testcase name="testClicks" time="32.466" classname="script.ClicksTest"/>
</testsuite> <!-- script.ClicksTest -->
