<?xml version="1.0" encoding="UTF-8"?>
<!-- Generated by org.testng.reporters.JUnitReportReporter -->
<testsuite skipped="0" hostname="DESKTOP-PC39RK5" name="script.AddTest" tests="1" failures="0" timestamp="22 Mar 2018 18:09:00 GMT" time="47.368" errors="0">
  <testcase name="testAdd" time="47.368" classname="script.AddTest"/>
</testsuite> <!-- script.AddTest -->
