<?xml version="1.0" encoding="UTF-8"?>
<!-- Generated by org.testng.reporters.JUnitReportReporter -->
<testsuite skipped="0" hostname="DESKTOP-PC39RK5" name="script.VerifyTest" tests="1" failures="0" timestamp="22 Mar 2018 11:32:39 GMT" time="17.911" errors="0">
  <testcase name="testVerifyTest" time="17.911" classname="script.VerifyTest"/>
</testsuite> <!-- script.VerifyTest -->
